<?xml version="1.0" encoding="UTF-8"?>
<!-- Generated by org.testng.reporters.JUnitReportReporter -->
<testsuite hostname="vamsi" failures="0" tests="1" name="Testcases.TC_01_Loginn" time="5.573" errors="0" timestamp="2024-08-29T11:54:38 IST" skipped="0">
  <testcase classname="Testcases.TC_01_Loginn" name="LoginnTest" time="5.573"/>
</testsuite> <!-- Testcases.TC_01_Loginn -->
